  Bookings.cpp
E:\GitHub\Practicework\Booking System\Bookings.cpp(3,11): error C2600: 'Bookings::Bookings': cannot define a compiler-generated special member function (must be declared in the class first)
E:\GitHub\Practicework\Booking System\Bookings.cpp(24,30): error C2264: 'Bookings::Bookings': error in function definition or declaration; function not called
E:\GitHub\Practicework\Booking System\Bookings.cpp(25,3): error C3536: 'booking': cannot be used before it is initialized
E:\GitHub\Practicework\Booking System\Bookings.cpp(28,12): error C2665: 'std::vector<Bookings *,std::allocator<Bookings *>>::push_back': no overloaded function could convert all the argument types
      C:\Program Files\Microsoft Visual Studio\2022\Community\VC\Tools\MSVC\14.41.34120\include\vector(870,23):
      could be 'void std::vector<Bookings *,std::allocator<Bookings *>>::push_back(_Ty &&)'
          with
          [
              _Ty=Bookings *
          ]
          E:\GitHub\Practicework\Booking System\Bookings.cpp(28,12):
          'void std::vector<Bookings *,std::allocator<Bookings *>>::push_back(_Ty &&)': cannot convert argument 1 from 'int' to '_Ty &&'
          with
          [
              _Ty=Bookings *
          ]
              E:\GitHub\Practicework\Booking System\Bookings.cpp(28,22):
              Reason: cannot convert from 'int' to '_Ty'
          with
          [
              _Ty=Bookings *
          ]
              E:\GitHub\Practicework\Booking System\Bookings.cpp(28,22):
              Conversion from integral type to pointer type requires reinterpret_cast, C-style cast or parenthesized function-style cast
      C:\Program Files\Microsoft Visual Studio\2022\Community\VC\Tools\MSVC\14.41.34120\include\vector(866,23):
      or       'void std::vector<Bookings *,std::allocator<Bookings *>>::push_back(const _Ty &)'
          with
          [
              _Ty=Bookings *
          ]
          E:\GitHub\Practicework\Booking System\Bookings.cpp(28,12):
          'void std::vector<Bookings *,std::allocator<Bookings *>>::push_back(const _Ty &)': cannot convert argument 1 from 'int' to 'const _Ty &'
          with
          [
              _Ty=Bookings *
          ]
              E:\GitHub\Practicework\Booking System\Bookings.cpp(28,22):
              Reason: cannot convert from 'int' to 'const _Ty'
          with
          [
              _Ty=Bookings *
          ]
              E:\GitHub\Practicework\Booking System\Bookings.cpp(28,22):
              Conversion from integral type to pointer type requires reinterpret_cast, C-style cast or parenthesized function-style cast
      E:\GitHub\Practicework\Booking System\Bookings.cpp(28,12):
      while trying to match the argument list '(int)'
  
  main.cpp
  Generating Code...
